<?xml version="1.0" encoding="UTF-8"?>
<!-- Generated by org.testng.reporters.JUnitXMLReporter -->
<testsuite ignored="2" hostname="DESKTOP-JM48LN1" failures="0" tests="5" name="Chrome Test" time="29.833" errors="0" timestamp="2025-02-10T23:54:30 IST">
  <testcase classname="OpenWebsiteTest" name="openGoogle" time="0.017"/>
  <testcase classname="HomePageTest" name="testClickSearchButton" time="5.604"/>
  <testcase classname="HomePageTest" name="testClickSearchButton" time="5.495"/>
  <testcase classname="HomePageTest" name="testClickSearchButton" time="5.501"/>
  <testcase classname="HomePageTest" name="testClickSearchButton" time="5.504"/>
  <testcase classname="BaseTest" name="@AfterTest tearDown" time="0.0">
    <ignored/>
  </testcase> <!-- @AfterTest tearDown -->
  <testcase classname="BaseTest" name="@BeforeTest setUp" time="0.0">
    <ignored/>
  </testcase> <!-- @BeforeTest setUp -->
</testsuite> <!-- Chrome Test -->
