<?xml version="1.0" encoding="UTF-8"?>
<!-- Generated by org.testng.reporters.JUnitXMLReporter -->
<testsuite ignored="2" hostname="DESKTOP-JM48LN1" failures="0" tests="5" name="Edge Test" time="29.581" errors="0" timestamp="2025-02-10T23:55:31 IST">
  <testcase classname="OpenWebsiteTest" name="openGoogle" time="0.011"/>
  <testcase classname="HomePageTest" name="testClickSearchButton" time="5.608"/>
  <testcase classname="HomePageTest" name="testClickSearchButton" time="5.524"/>
  <testcase classname="HomePageTest" name="testClickSearchButton" time="5.527"/>
  <testcase classname="HomePageTest" name="testClickSearchButton" time="5.541"/>
  <testcase classname="BaseTest" name="@AfterTest tearDown" time="0.0">
    <ignored/>
  </testcase> <!-- @AfterTest tearDown -->
  <testcase classname="BaseTest" name="@BeforeTest setUp" time="0.0">
    <ignored/>
  </testcase> <!-- @BeforeTest setUp -->
</testsuite> <!-- Edge Test -->
