<?xml version="1.0" encoding="UTF-8"?>
<!-- Generated by org.testng.reporters.JUnitXMLReporter -->
<testsuite ignored="2" hostname="DESKTOP-JM48LN1" failures="0" tests="5" name="Firefox Test" time="77.238" errors="0" timestamp="2025-03-05T22:13:00 IST">
  <testcase classname="OpenWebsiteTest" name="openGoogle" time="0.016"/>
  <testcase classname="HomePageTest" name="testClickSearchButton" time="5.746"/>
  <testcase classname="HomePageTest" name="testClickSearchButton" time="5.607"/>
  <testcase classname="HomePageTest" name="testClickSearchButton" time="5.612"/>
  <testcase classname="HomePageTest" name="testClickSearchButton" time="5.594"/>
  <testcase classname="BaseTest" name="@AfterTest tearDown" time="0.0">
    <ignored/>
  </testcase> <!-- @AfterTest tearDown -->
  <testcase classname="BaseTest" name="@BeforeTest setUp" time="0.0">
    <ignored/>
  </testcase> <!-- @BeforeTest setUp -->
</testsuite> <!-- Firefox Test -->
