<?xml version="1.0" encoding="UTF-8"?>
<!-- Generated by org.testng.reporters.JUnitXMLReporter -->
<testsuite ignored="2" hostname="DESKTOP-JM48LN1" failures="0" tests="2" name="Open Website Test" time="0.562" errors="0" timestamp="2025-02-06T21:43:38 IST">
  <testcase classname="OpenWebsiteTest" name="openGoogle" time="0.012"/>
  <testcase classname="HomePageTest" name="testClickSearchButton" time="0.507"/>
  <testcase classname="BaseTest" name="@AfterSuite tearDown" time="0.0">
    <ignored/>
  </testcase> <!-- @AfterSuite tearDown -->
  <testcase classname="BaseTest" name="@BeforeSuite setUp" time="0.0">
    <ignored/>
  </testcase> <!-- @BeforeSuite setUp -->
</testsuite> <!-- Open Website Test -->
