<?xml version="1.0" encoding="UTF-8"?>
<testng-results ignored="0" total="1" passed="1" failed="0" skipped="0">
  <reporter-output>
  </reporter-output>
  <suite started-at="2025-02-06T20:22:11 IST" name="Default suite" finished-at="2025-02-06T20:22:20 IST" duration-ms="9298">
    <groups>
    </groups>
    <test started-at="2025-02-06T20:22:11 IST" name="Default test" finished-at="2025-02-06T20:22:20 IST" duration-ms="9298">
      <class name="OpenWebsiteTest">
        <test-method is-config="true" signature="setUp()[pri:0, instance:OpenWebsiteTest@53ce1329]" started-at="2025-02-06T20:22:11 IST" name="setUp" finished-at="2025-02-06T20:22:13 IST" duration-ms="1697" status="PASS">
          <reporter-output>
          </reporter-output>
        </test-method> <!-- setUp -->
        <test-method signature="openGoogle()[pri:0, instance:OpenWebsiteTest@53ce1329]" started-at="2025-02-06T20:22:13 IST" name="openGoogle" finished-at="2025-02-06T20:22:20 IST" duration-ms="7420" status="PASS">
          <reporter-output>
          </reporter-output>
        </test-method> <!-- openGoogle -->
        <test-method is-config="true" signature="tearDown()[pri:0, instance:OpenWebsiteTest@53ce1329]" started-at="2025-02-06T20:22:20 IST" name="tearDown" finished-at="2025-02-06T20:22:20 IST" duration-ms="151" status="PASS">
          <reporter-output>
          </reporter-output>
        </test-method> <!-- tearDown -->
      </class> <!-- OpenWebsiteTest -->
    </test> <!-- Default test -->
  </suite> <!-- Default suite -->
</testng-results>
