<?xml version="1.0" encoding="UTF-8"?>
<!-- Generated by org.testng.reporters.JUnitReportReporter -->
<testsuite hostname="DESKTOP-JM48LN1" failures="0" tests="2" name="session4.ValidResponse" time="1.695" errors="0" timestamp="2025-03-06T14:25:58 IST" skipped="1">
  <testcase classname="session4.ValidResponse" name="getSingleUser1" time="1.695"/>
  <system-out/>
  <testcase classname="session4.ValidResponse" name="getSingleUser">
    <skipped/>
  </testcase> <!-- getSingleUser -->
  <system-out/>
</testsuite> <!-- session4.ValidResponse -->
